Configuring haskeline-0.7.4.2...
Preprocessing library for haskeline-0.7.4.2..
Building library for haskeline-0.7.4.2..

[;1mon the commandline: [;1m[35mwarning:[0m[0m[;1m[0m[0m[;1m
    -XOverlappingInstances is deprecated: instead use per-instance pragmas OVERLAPPING/OVERLAPPABLE/OVERLAPS[0m[0m
[0m[0m[0m[ 1 of 25] Compiling System.Console.Haskeline.Directory ( .stack-work\dist\5c8418a7\build\System\Console\Haskeline\Directory.hs, .stack-work\dist\5c8418a7\build\System\Console\Haskeline\Directory.o )
[ 2 of 25] Compiling System.Console.Haskeline.Key ( System\Console\Haskeline\Key.hs, .stack-work\dist\5c8418a7\build\System\Console\Haskeline\Key.o )
[ 3 of 25] Compiling System.Console.Haskeline.LineState ( System\Console\Haskeline\LineState.hs, .stack-work\dist\5c8418a7\build\System\Console\Haskeline\LineState.o )
[ 4 of 25] Compiling System.Console.Haskeline.Command ( System\Console\Haskeline\Command.hs, .stack-work\dist\5c8418a7\build\System\Console\Haskeline\Command.o )
[ 5 of 25] Compiling System.Console.Haskeline.Backend.WCWidth ( System\Console\Haskeline\Backend\WCWidth.hs, .stack-work\dist\5c8418a7\build\System\Console\Haskeline\Backend\WCWidth.o )
[ 6 of 25] Compiling System.Console.Haskeline.MonadException ( System\Console\Haskeline\MonadException.hs, .stack-work\dist\5c8418a7\build\System\Console\Haskeline\MonadException.o )

[;1mSystem\Console\Haskeline\MonadException.hs:39:1: [;1m[35mwarning:[0m[0m[;1m [[;1m[35m-Wdeprecations[0m[0m[;1m][0m[0m[;1m
    Module `Control.Monad.Trans.Error' is deprecated:
      Use Control.Monad.Trans.Except instead[0m[0m
[;1m[34m   |[0m[0m
[;1m[34m39 |[0m[0m [;1m[35mimport Control.Monad.Trans.Error[0m[0m
[;1m[34m   |[0m[0m[;1m[35m ^^^^^^^^^^^^^^^^^^^^^^^^^^^^^^^^[0m[0m
[0m[0m[0m
[;1mSystem\Console\Haskeline\MonadException.hs:44:1: [;1m[35mwarning:[0m[0m[;1m [[;1m[35m-Wunused-imports[0m[0m[;1m][0m[0m[;1m
    The import of `Data.Monoid' is redundant
      except perhaps to import instances from `Data.Monoid'
    To import instances alone, use: import Data.Monoid()[0m[0m
[;1m[34m   |[0m[0m
[;1m[34m44 |[0m[0m [;1m[35mimport Data.Monoid[0m[0m
[;1m[34m   |[0m[0m[;1m[35m ^^^^^^^^^^^^^^^^^^[0m[0m
[0m[0m[0m
[;1mSystem\Console\Haskeline\MonadException.hs:162:29: [;1m[35mwarning:[0m[0m[;1m [[;1m[35m-Wdeprecations[0m[0m[;1m][0m[0m[;1m
    In the use of type constructor or class `Error'
    (imported from Control.Monad.Trans.Error):
    Deprecated: "Use Control.Monad.Trans.Except instead"[0m[0m
[;1m[34m    |[0m[0m
[;1m[34m162 |[0m[0m instance (MonadException m, [;1m[35mError[0m[0m e) => MonadException (ErrorT e m) where
[;1m[34m    |[0m[0m[;1m[35m                             ^^^^^[0m[0m
[0m[0m[0m
[;1mSystem\Console\Haskeline\MonadException.hs:162:57: [;1m[35mwarning:[0m[0m[;1m [[;1m[35m-Wdeprecations[0m[0m[;1m][0m[0m[;1m
    In the use of type constructor or class `ErrorT'
    (imported from Control.Monad.Trans.Error):
    Deprecated: "Use Control.Monad.Trans.Except instead"[0m[0m
[;1m[34m    |[0m[0m
[;1m[34m162 |[0m[0m instance (MonadException m, Error e) => MonadException ([;1m[35mErrorT[0m[0m e m) where
[;1m[34m    |[0m[0m[;1m[35m                                                         ^^^^^^[0m[0m
[0m[0m[0m
[;1mSystem\Console\Haskeline\MonadException.hs:163:19: [;1m[35mwarning:[0m[0m[;1m [[;1m[35m-Wdeprecations[0m[0m[;1m][0m[0m[;1m
    In the use of data constructor `ErrorT'
    (imported from Control.Monad.Trans.Error):
    Deprecated: "Use Control.Monad.Trans.Except instead"[0m[0m
[;1m[34m    |[0m[0m
[;1m[34m163 |[0m[0m     controlIO f = [;1m[35mErrorT[0m[0m $ controlIO $ \(RunIO run) -> let
[;1m[34m    |[0m[0m[;1m[35m                   ^^^^^^[0m[0m
[0m[0m[0m
[;1mSystem\Console\Haskeline\MonadException.hs:164:40: [;1m[35mwarning:[0m[0m[;1m [[;1m[35m-Wdeprecations[0m[0m[;1m][0m[0m[;1m
    In the use of data constructor `ErrorT'
    (imported from Control.Monad.Trans.Error):
    Deprecated: "Use Control.Monad.Trans.Except instead"[0m[0m
[;1m[34m    |[0m[0m
[;1m[34m164 |[0m[0m                     run' = RunIO (fmap [;1m[35mErrorT[0m[0m . run . runErrorT)
[;1m[34m    |[0m[0m[;1m[35m                                        ^^^^^^[0m[0m
[0m[0m[0m
[;1mSystem\Console\Haskeline\MonadException.hs:164:55: [;1m[35mwarning:[0m[0m[;1m [[;1m[35m-Wdeprecations[0m[0m[;1m][0m[0m[;1m
    In the use of `runErrorT'
    (imported from Control.Monad.Trans.Error):
    Deprecated: "Use Control.Monad.Trans.Except instead"[0m[0m
[;1m[34m    |[0m[0m
[;1m[34m164 |[0m[0m                     run' = RunIO (fmap ErrorT . run . [;1m[35mrunErrorT[0m[0m)
[;1m[34m    |[0m[0m[;1m[35m                                                       ^^^^^^^^^[0m[0m
[0m[0m[0m
[;1mSystem\Console\Haskeline\MonadException.hs:165:29: [;1m[35mwarning:[0m[0m[;1m [[;1m[35m-Wdeprecations[0m[0m[;1m][0m[0m[;1m
    In the use of `runErrorT'
    (imported from Control.Monad.Trans.Error):
    Deprecated: "Use Control.Monad.Trans.Except instead"[0m[0m
[;1m[34m    |[0m[0m
[;1m[34m165 |[0m[0m                     in fmap [;1m[35mrunErrorT[0m[0m $ f run'
[;1m[34m    |[0m[0m[;1m[35m                             ^^^^^^^^^[0m[0m
[0m[0m[0m[ 7 of 25] Compiling System.Console.Haskeline.Backend.Win32.Echo ( System\Console\Haskeline\Backend\Win32\Echo.hs, .stack-work\dist\5c8418a7\build\System\Console\Haskeline\Backend\Win32\Echo.o )
[ 8 of 25] Compiling System.Console.Haskeline.Monads ( System\Console\Haskeline\Monads.hs, .stack-work\dist\5c8418a7\build\System\Console\Haskeline\Monads.o )
[ 9 of 25] Compiling System.Console.Haskeline.Completion ( System\Console\Haskeline\Completion.hs, .stack-work\dist\5c8418a7\build\System\Console\Haskeline\Completion.o )
[10 of 25] Compiling System.Console.Haskeline.Command.Undo ( System\Console\Haskeline\Command\Undo.hs, .stack-work\dist\5c8418a7\build\System\Console\Haskeline\Command\Undo.o )
[11 of 25] Compiling System.Console.Haskeline.Command.KillRing ( System\Console\Haskeline\Command\KillRing.hs, .stack-work\dist\5c8418a7\build\System\Console\Haskeline\Command\KillRing.o )
[12 of 25] Compiling System.Console.Haskeline.Prefs ( System\Console\Haskeline\Prefs.hs, .stack-work\dist\5c8418a7\build\System\Console\Haskeline\Prefs.o )
[13 of 25] Compiling System.Console.Haskeline.Recover ( System\Console\Haskeline\Recover.hs, .stack-work\dist\5c8418a7\build\System\Console\Haskeline\Recover.o )
[14 of 25] Compiling System.Console.Haskeline.History ( System\Console\Haskeline\History.hs, .stack-work\dist\5c8418a7\build\System\Console\Haskeline\History.o )
[15 of 25] Compiling System.Console.Haskeline.Command.History ( System\Console\Haskeline\Command\History.hs, .stack-work\dist\5c8418a7\build\System\Console\Haskeline\Command\History.o )
[16 of 25] Compiling System.Console.Haskeline.Term ( System\Console\Haskeline\Term.hs, .stack-work\dist\5c8418a7\build\System\Console\Haskeline\Term.o )

[;1mSystem\Console\Haskeline\Term.hs:12:1: [;1m[35mwarning:[0m[0m[;1m [[;1m[35m-Wunused-imports[0m[0m[;1m][0m[0m[;1m
    The import of `bracket_'
    from module `Control.Exception' is redundant[0m[0m
[;1m[34m   |[0m[0m
[;1m[34m12 |[0m[0m [;1m[35mimport Control.Exception (fromException, AsyncException(..),bracket_)[0m[0m
[;1m[34m   |[0m[0m[;1m[35m ^^^^^^^^^^^^^^^^^^^^^^^^^^^^^^^^^^^^^^^^^^^^^^^^^^^^^^^^^^^^^^^^^^^^^[0m[0m
[0m[0m[0m[17 of 25] Compiling System.Console.Haskeline.RunCommand ( System\Console\Haskeline\RunCommand.hs, .stack-work\dist\5c8418a7\build\System\Console\Haskeline\RunCommand.o )
[18 of 25] Compiling System.Console.Haskeline.Command.Completion ( System\Console\Haskeline\Command\Completion.hs, .stack-work\dist\5c8418a7\build\System\Console\Haskeline\Command\Completion.o )
[19 of 25] Compiling System.Console.Haskeline.Backend.Win32 ( .stack-work\dist\5c8418a7\build\System\Console\Haskeline\Backend\Win32.hs, .stack-work\dist\5c8418a7\build\System\Console\Haskeline\Backend\Win32.o )

[;1mSystem\Console\Haskeline\Backend\Win32.hsc:18:1: [;1m[35mwarning:[0m[0m[;1m [[;1m[35m-Wunused-imports[0m[0m[;1m][0m[0m[;1m
    The import of `Control.Applicative' is redundant
      except perhaps to import instances from `Control.Applicative'
    To import instances alone, use: import Control.Applicative()[0m[0m
[;1m[34m   |[0m[0m
[;1m[34m18 |[0m[0m [;1m[35mimport Control.Applicative[0m[0m
[;1m[34m   |[0m[0m[;1m[35m ^^^^^^^^^^^^^^^^^^^^^^^^^^[0m[0m
[0m[0m[0m[20 of 25] Compiling System.Console.Haskeline.Backend ( System\Console\Haskeline\Backend.hs, .stack-work\dist\5c8418a7\build\System\Console\Haskeline\Backend.o )
[21 of 25] Compiling System.Console.Haskeline.InputT ( System\Console\Haskeline\InputT.hs, .stack-work\dist\5c8418a7\build\System\Console\Haskeline\InputT.o )

[;1mSystem\Console\Haskeline\InputT.hs:16:1: [;1m[35mwarning:[0m[0m[;1m [[;1m[35m-Wunused-imports[0m[0m[;1m][0m[0m[;1m
    The import of `Control.Applicative' is redundant
      except perhaps to import instances from `Control.Applicative'
    To import instances alone, use: import Control.Applicative()[0m[0m
[;1m[34m   |[0m[0m
[;1m[34m16 |[0m[0m [;1m[35mimport Control.Applicative[0m[0m
[;1m[34m   |[0m[0m[;1m[35m ^^^^^^^^^^^^^^^^^^^^^^^^^^[0m[0m
[0m[0m[0m
[;1mSystem\Console\Haskeline\InputT.hs:17:1: [;1m[35mwarning:[0m[0m[;1m [[;1m[35m-Wunused-imports[0m[0m[;1m][0m[0m[;1m
    The import of `Control.Monad' is redundant
      except perhaps to import instances from `Control.Monad'
    To import instances alone, use: import Control.Monad()[0m[0m
[;1m[34m   |[0m[0m
[;1m[34m17 |[0m[0m [;1m[35mimport Control.Monad (liftM, ap)[0m[0m
[;1m[34m   |[0m[0m[;1m[35m ^^^^^^^^^^^^^^^^^^^^^^^^^^^^^^^^[0m[0m
[0m[0m[0m[22 of 25] Compiling System.Console.Haskeline.Emacs ( System\Console\Haskeline\Emacs.hs, .stack-work\dist\5c8418a7\build\System\Console\Haskeline\Emacs.o )
[23 of 25] Compiling System.Console.Haskeline.Vi ( System\Console\Haskeline\Vi.hs, .stack-work\dist\5c8418a7\build\System\Console\Haskeline\Vi.o )
[24 of 25] Compiling System.Console.Haskeline ( System\Console\Haskeline.hs, .stack-work\dist\5c8418a7\build\System\Console\Haskeline.o )
[25 of 25] Compiling System.Console.Haskeline.IO ( System\Console\Haskeline\IO.hs, .stack-work\dist\5c8418a7\build\System\Console\Haskeline\IO.o )
Installing library in C:\sr\snapshots\8e6d51ab\lib\x86_64-windows-ghc-8.2.2\haskeline-0.7.4.2-4t0Bxq6idH6EI5f7IsqG7T
Registering library for haskeline-0.7.4.2..
